MIB search path: c:/usr/share/snmp/mibs
Cannot find module (IP-MIB): At line 0 in (none)
Cannot find module (IF-MIB): At line 0 in (none)
Cannot find module (TCP-MIB): At line 0 in (none)
Cannot find module (UDP-MIB): At line 0 in (none)
Cannot find module (HOST-RESOURCES-MIB): At line 0 in (none)
Cannot find module (SNMPv2-MIB): At line 0 in (none)
Cannot find module (SNMPv2-SMI): At line 0 in (none)
Cannot find module (NOTIFICATION-LOG-MIB): At line 0 in (none)
Cannot find module (UCD-SNMP-MIB): At line 0 in (none)
Cannot find module (UCD-DEMO-MIB): At line 0 in (none)
Cannot find module (SNMP-TARGET-MIB): At line 0 in (none)
Cannot find module (NET-SNMP-AGENT-MIB): At line 0 in (none)
Cannot find module (DISMAN-EVENT-MIB): At line 0 in (none)
Cannot find module (SNMP-VIEW-BASED-ACM-MIB): At line 0 in (none)
Cannot find module (SNMP-COMMUNITY-MIB): At line 0 in (none)
Cannot find module (SNMP-FRAMEWORK-MIB): At line 0 in (none)
Cannot find module (SNMP-MPD-MIB): At line 0 in (none)
Cannot find module (SNMP-USER-BASED-SM-MIB): At line 0 in (none)
Cannot find module (SNMP-NOTIFICATION-MIB): At line 0 in (none)
Cannot find module (SNMPv2-TM): At line 0 in (none)

   FreeDSx\Snmp\Exception\ConnectionException  : Unable to connect to 193.33.186.700: php_network_getaddresses: getaddrinfo failed: No such host is known. 

  at F:\client project\Web\Network Management System\vendor\freedsx\snmp\src\FreeDSx\Snmp\Protocol\ProtocolTrait.php:163
    159|                     'ssl_ca_cert' => $options['ssl_ca_cert'],
    160|                     'ssl_peer_name' => $options['ssl_peer_name'],
    161|                 ]);
    162|             } catch (\FreeDSx\Socket\Exception\ConnectionException $e) {
  > 163|                 throw new ConnectionException($e->getMessage(), $e->getCode(), $e);
    164|             }
    165|         }
    166| 
    167|         return $this->socket;

  Exception trace:

  1   FreeDSx\Socket\Exception\ConnectionException::("Unable to connect to 193.33.186.700: php_network_getaddresses: getaddrinfo failed: No such host is known. ")
      F:\client project\Web\Network Management System\vendor\freedsx\socket\src\FreeDSx\Socket\Socket.php:236

  2   FreeDSx\Socket\Socket::connect("193.33.186.700")
      F:\client project\Web\Network Management System\vendor\freedsx\socket\src\FreeDSx\Socket\Socket.php:269

  Please use the argument -v to see more details.
